#
# There is insufficient memory for the Java Runtime Environment to continue.
# Native memory allocation (malloc) failed to allocate 198976 bytes for Chunk::new
# Possible reasons:
#   The system is out of physical RAM or swap space
#   In 32 bit mode, the process size limit was hit
# Possible solutions:
#   Reduce memory load on the system
#   Increase physical memory or swap space
#   Check if swap backing store is full
#   Use 64 bit Java on a 64 bit OS
#   Decrease Java heap size (-Xmx/-Xms)
#   Decrease number of Java threads
#   Decrease Java thread stack sizes (-Xss)
#   Set larger code cache with -XX:ReservedCodeCacheSize=
# This output file may be truncated or incomplete.
#
#  Out of Memory Error (allocation.cpp:390), pid=8900, tid=0x000000000000116c
#
# JRE version: OpenJDK Runtime Environment (8.0_152-b01) (build 1.8.0_152-release-915-b01)
# Java VM: OpenJDK 64-Bit Server VM (25.152-b01 mixed mode windows-amd64 compressed oops)
# Failed to write core dump. Minidumps are not enabled by default on client versions of Windows
#

---------------  T H R E A D  ---------------

Current thread (0x0000000013211000):  JavaThread "C2 CompilerThread1" daemon [_thread_in_native, id=4460, stack(0x0000000014860000,0x0000000014960000)]

Stack: [0x0000000014860000,0x0000000014960000]
[error occurred during error reporting (printing stack bounds), id 0xc0000005]

Native frames: (J=compiled Java code, j=interpreted, Vv=VM code, C=native code)


Current CompileTask:
C2:   4489  855       4       org.objectweb.asm.Item::a (143 bytes)


---------------  P R O C E S S  ---------------

Java Threads: ( => current thread )
  0x0000000014a88800 JavaThread "Service Thread" daemon [_thread_blocked, id=11508, stack(0x0000000014e60000,0x0000000014f60000)]
  0x000000001321a800 JavaThread "C1 CompilerThread2" daemon [_thread_blocked, id=10452, stack(0x0000000014960000,0x0000000014a60000)]
=>0x0000000013211000 JavaThread "C2 CompilerThread1" daemon [_thread_in_native, id=4460, stack(0x0000000014860000,0x0000000014960000)]
  0x000000001320e000 JavaThread "C2 CompilerThread0" daemon [_thread_in_native, id=10824, stack(0x0000000014760000,0x0000000014860000)]
  0x000000001320c800 JavaThread "Attach Listener" daemon [_thread_blocked, id=10504, stack(0x0000000014660000,0x0000000014760000)]
  0x000000001320b000 JavaThread "Signal Dispatcher" daemon [_thread_blocked, id=3212, stack(0x0000000014560000,0x0000000014660000)]
  0x0000000002dad000 JavaThread "Finalizer" daemon [_thread_blocked, id=11776, stack(0x0000000014460000,0x0000000014560000)]
  0x0000000002da2000 JavaThread "Reference Handler" daemon [_thread_blocked, id=12028, stack(0x0000000014360000,0x0000000014460000)]
  0x0000000002eae000 JavaThread "main" [_thread_in_Java, id=12628, stack(0x0000000002b20000,0x0000000002c20000)]

Other Threads:
  0x00000000131d6000 VMThread [stack: 0x0000000014260000,0x0000000014360000] [id=9344]
  0x0000000013255800 WatcherThread [stack: 0x0000000014f60000,0x0000000015060000] [id=6488]

VM state:not at safepoint (normal execution)

VM Mutex/Monitor currently owned by a thread: None

Heap:
 PSYoungGen      total 18944K, used 4902K [0x00000000feb00000, 0x0000000100000000, 0x0000000100000000)
  eden space 16384K, 14% used [0x00000000feb00000,0x00000000fed4ef30,0x00000000ffb00000)
  from space 2560K, 99% used [0x00000000ffd80000,0x00000000ffffaa28,0x0000000100000000)
  to   space 2560K, 0% used [0x00000000ffb00000,0x00000000ffb00000,0x00000000ffd80000)
 ParOldGen       total 44032K, used 5794K [0x00000000fc000000, 0x00000000feb00000, 0x00000000feb00000)
  object space 44032K, 13% used [0x00000000fc000000,0x00000000fc5a8a98,0x00000000feb00000)
 Metaspace       used 7648K, capacity 7878K, committed 7936K, reserved 1056768K
  class space    used 900K, capacity 989K, committed 1024K, reserved 1048576K

Card table byte_map: [0x00000000012c0000,0x00000000012f0000] byte_map_base: 0x0000000000ae0000

Marking Bits: (ParMarkBitMap*) 0x000000006ad43950
 Begin Bits: [0x0000000012670000, 0x0000000012770000)
 End Bits:   [0x0000000012770000, 0x0000000012870000)

Polling page: 0x0000000001290000

CodeCache: size=245760Kb used=2976Kb max_used=2987Kb free=242783Kb
 bounds [0x0000000002eb0000, 0x00000000031a0000, 0x0000000011eb0000]
 total_blobs=1175 nmethods=844 adapters=245
 compilation: disabled (not enough contiguous free space left)

Compilation events (10 events):
Event: 4.414 Thread 0x000000001320e000  850       4       org.objectweb.asm.ByteVector::putShort (52 bytes)
Event: 4.419 Thread 0x000000001320e000 nmethod 850 0x00000000031974d0 code [0x0000000003197620, 0x0000000003197788]
Event: 4.422 Thread 0x0000000013211000  853       4       org.objectweb.asm.ClassReader::readShort (27 bytes)
Event: 4.426 Thread 0x0000000013211000 nmethod 853 0x00000000031971d0 code [0x0000000003197300, 0x00000000031973d8]
Event: 4.428 Thread 0x000000001320e000  854       4       org.objectweb.asm.ClassWriter::a (49 bytes)
Event: 4.428 Thread 0x0000000013211000  855       4       org.objectweb.asm.Item::a (143 bytes)
Event: 4.436 Thread 0x000000001320e000 nmethod 854 0x0000000003196e10 code [0x0000000003196f60, 0x0000000003197088]
Event: 4.436 Thread 0x000000001320e000  856       4       org.objectweb.asm.MethodVisitor::visitLabel (16 bytes)
Event: 4.438 Thread 0x000000001320e000 nmethod 856 0x0000000003196b90 code [0x0000000003196cc0, 0x0000000003196d58]
Event: 4.438 Thread 0x000000001320e000  857       4       org.objectweb.asm.ByteVector::putUTF8 (142 bytes)

GC Heap History (4 events):
Event: 2.843 GC heap before
{Heap before GC invocations=1 (full 0):
 PSYoungGen      total 18944K, used 16384K [0x00000000feb00000, 0x0000000100000000, 0x0000000100000000)
  eden space 16384K, 100% used [0x00000000feb00000,0x00000000ffb00000,0x00000000ffb00000)
  from space 2560K, 0% used [0x00000000ffd80000,0x00000000ffd80000,0x0000000100000000)
  to   space 2560K, 0% used [0x00000000ffb00000,0x00000000ffb00000,0x00000000ffd80000)
 ParOldGen       total 44032K, used 0K [0x00000000fc000000, 0x00000000feb00000, 0x00000000feb00000)
  object space 44032K, 0% used [0x00000000fc000000,0x00000000fc000000,0x00000000feb00000)
 Metaspace       used 6534K, capacity 6680K, committed 6784K, reserved 1056768K
  class space    used 772K, capacity 824K, committed 896K, reserved 1048576K
Event: 2.862 GC heap after
Heap after GC invocations=1 (full 0):
 PSYoungGen      total 18944K, used 2528K [0x00000000feb00000, 0x0000000100000000, 0x0000000100000000)
  eden space 16384K, 0% used [0x00000000feb00000,0x00000000feb00000,0x00000000ffb00000)
  from space 2560K, 98% used [0x00000000ffb00000,0x00000000ffd78010,0x00000000ffd80000)
  to   space 2560K, 0% used [0x00000000ffd80000,0x00000000ffd80000,0x0000000100000000)
 ParOldGen       total 44032K, used 1351K [0x00000000fc000000, 0x00000000feb00000, 0x00000000feb00000)
  object space 44032K, 3% used [0x00000000fc000000,0x00000000fc151f88,0x00000000feb00000)
 Metaspace       used 6534K, capacity 6680K, committed 6784K, reserved 1056768K
  class space    used 772K, capacity 824K, committed 896K, reserved 1048576K
}
Event: 4.227 GC heap before
{Heap before GC invocations=2 (full 0):
 PSYoungGen      total 18944K, used 18912K [0x00000000feb00000, 0x0000000100000000, 0x0000000100000000)
  eden space 16384K, 100% used [0x00000000feb00000,0x00000000ffb00000,0x00000000ffb00000)
  from space 2560K, 98% used [0x00000000ffb00000,0x00000000ffd78010,0x00000000ffd80000)
  to   space 2560K, 0% used [0x00000000ffd80000,0x00000000ffd80000,0x0000000100000000)
 ParOldGen       total 44032K, used 1351K [0x00000000fc000000, 0x00000000feb00000, 0x00000000feb00000)
  object space 44032K, 3% used [0x00000000fc000000,0x00000000fc151f88,0x00000000feb00000)
 Metaspace       used 7531K, capacity 7654K, committed 7936K, reserved 1056768K
  class space    used 892K, capacity 957K, committed 1024K, reserved 1048576K
Event: 4.272 GC heap after
Heap after GC invocations=2 (full 0):
 PSYoungGen      total 18944K, used 2538K [0x00000000feb00000, 0x0000000100000000, 0x0000000100000000)
  eden space 16384K, 0% used [0x00000000feb00000,0x00000000feb00000,0x00000000ffb00000)
  from space 2560K, 99% used [0x00000000ffd80000,0x00000000ffffaa28,0x0000000100000000)
  to   space 2560K, 0% used [0x00000000ffb00000,0x00000000ffb00000,0x00000000ffd80000)
 ParOldGen       total 44032K, used 5794K [0x00000000fc000000, 0x00000000feb00000, 0x00000000feb00000)
  object space 44032K, 13% used [0x00000000fc000000,0x00000000fc5a8a98,0x00000000feb00000)
 Metaspace       used 7531K, capacity 7654K, committed 7936K, reserved 1056768K
  class space    used 892K, capacity 957K, committed 1024K, reserved 1048576K
}

Deoptimization events (10 events):
Event: 3.923 Thread 0x0000000002eae000 Uncommon trap: reason=class_check action=maybe_recompile pc=0x00000000030fc1ac method=com.google.common.collect.TransformedIterator.hasNext()Z @ 4
Event: 3.924 Thread 0x0000000002eae000 Uncommon trap: reason=class_check action=maybe_recompile pc=0x00000000030fc1ac method=com.google.common.collect.TransformedIterator.hasNext()Z @ 4
Event: 3.924 Thread 0x0000000002eae000 Uncommon trap: reason=class_check action=maybe_recompile pc=0x000000000310606c method=com.google.common.collect.TransformedIterator.next()Ljava/lang/Object; @ 5
Event: 3.924 Thread 0x0000000002eae000 Uncommon trap: reason=class_check action=maybe_recompile pc=0x00000000030ec650 method=com.google.common.collect.Iterators$7.transform(Ljava/lang/Object;)Ljava/lang/Object; @ 5
Event: 3.924 Thread 0x0000000002eae000 Uncommon trap: reason=class_check action=maybe_recompile pc=0x00000000030fc1ac method=com.google.common.collect.TransformedIterator.hasNext()Z @ 4
Event: 3.924 Thread 0x0000000002eae000 Uncommon trap: reason=class_check action=maybe_recompile pc=0x000000000310606c method=com.google.common.collect.TransformedIterator.next()Ljava/lang/Object; @ 5
Event: 3.924 Thread 0x0000000002eae000 Uncommon trap: reason=class_check action=maybe_recompile pc=0x00000000030ec650 method=com.google.common.collect.Iterators$7.transform(Ljava/lang/Object;)Ljava/lang/Object; @ 5
Event: 3.924 Thread 0x0000000002eae000 Uncommon trap: reason=class_check action=maybe_recompile pc=0x000000000310606c method=com.google.common.collect.TransformedIterator.next()Ljava/lang/Object; @ 5
Event: 3.924 Thread 0x0000000002eae000 Uncommon trap: reason=class_check action=maybe_recompile pc=0x00000000030ec650 method=com.google.common.collect.Iterators$7.transform(Ljava/lang/Object;)Ljava/lang/Object; @ 5
Event: 4.304 Thread 0x0000000002eae000 Uncommon trap: reason=unstable_if action=reinterpret pc=0x00000000030459e4 method=java.lang.String.<init>([CII)V @ 18

Classes redefined (0 events):
No events

Internal exceptions (10 events):
Event: 2.698 Thread 0x0000000002eae000 Implicit null exception at 0x00000000030f2f17 to 0x00000000030f3829
Event: 3.198 Thread 0x0000000002eae000 Exception <a 'sun/nio/fs/WindowsException'> (0x00000000ff20f048) thrown at [D:\src\AOSP-openjdk-cygwin\jdk8u\hotspot\src\share\vm\prims\jni.cpp, line 709]
Event: 3.199 Thread 0x0000000002eae000 Exception <a 'sun/nio/fs/WindowsException'> (0x00000000ff20f618) thrown at [D:\src\AOSP-openjdk-cygwin\jdk8u\hotspot\src\share\vm\prims\jni.cpp, line 709]
Event: 3.200 Thread 0x0000000002eae000 Exception <a 'sun/nio/fs/WindowsException'> (0x00000000ff20fc08) thrown at [D:\src\AOSP-openjdk-cygwin\jdk8u\hotspot\src\share\vm\prims\jni.cpp, line 709]
Event: 3.201 Thread 0x0000000002eae000 Exception <a 'sun/nio/fs/WindowsException'> (0x00000000ff2103d8) thrown at [D:\src\AOSP-openjdk-cygwin\jdk8u\hotspot\src\share\vm\prims\jni.cpp, line 709]
Event: 3.201 Thread 0x0000000002eae000 Exception <a 'sun/nio/fs/WindowsException'> (0x00000000ff2109a0) thrown at [D:\src\AOSP-openjdk-cygwin\jdk8u\hotspot\src\share\vm\prims\jni.cpp, line 709]
Event: 3.201 Thread 0x0000000002eae000 Exception <a 'sun/nio/fs/WindowsException'> (0x00000000ff211160) thrown at [D:\src\AOSP-openjdk-cygwin\jdk8u\hotspot\src\share\vm\prims\jni.cpp, line 709]
Event: 3.375 Thread 0x0000000002eae000 Exception <a 'sun/nio/fs/WindowsException'> (0x00000000ff216588) thrown at [D:\src\AOSP-openjdk-cygwin\jdk8u\hotspot\src\share\vm\prims\jni.cpp, line 709]
Event: 3.823 Thread 0x0000000002eae000 Exception <a 'sun/nio/fs/WindowsException'> (0x00000000ff91bdb8) thrown at [D:\src\AOSP-openjdk-cygwin\jdk8u\hotspot\src\share\vm\prims\jni.cpp, line 709]
Event: 3.823 Thread 0x0000000002eae000 Exception <a 'sun/nio/fs/WindowsException'> (0x00000000ff91c3e8) thrown at [D:\src\AOSP-openjdk-cygwin\jdk8u\hotspot\src\share\vm\prims\jni.cpp, line 709]

Events (10 events):
Event: 4.292 loading class java/util/zip/ZipOutputStream$XEntry done
Event: 4.304 Thread 0x0000000002eae000 Uncommon trap: trap_request=0xffffff65 fr.pc=0x00000000030459e4
Event: 4.304 Thread 0x0000000002eae000 DEOPT PACKING pc=0x00000000030459e4 sp=0x0000000002c1eaa0
Event: 4.304 Thread 0x0000000002eae000 DEOPT UNPACKING pc=0x0000000002ef556a sp=0x0000000002c1ea68 mode 2
Event: 4.390 loading class org/objectweb/asm/tree/TryCatchBlockNode
Event: 4.390 loading class org/objectweb/asm/tree/TryCatchBlockNode done
Event: 4.401 loading class org/objectweb/asm/Handler
Event: 4.401 loading class org/objectweb/asm/Handler done
Event: 4.403 Executing VM operation: EnableBiasedLocking
Event: 4.404 Executing VM operation: EnableBiasedLocking done


Dynamic libraries:
0x00007ff6cac10000 - 0x00007ff6cac41000 	C:\Program Files\Android\Android Studio1\jre\bin\java.exe
0x00007ffe9e040000 - 0x00007ffe9e1ed000 	C:\Windows\SYSTEM32\ntdll.dll
0x00007ffe9c580000 - 0x00007ffe9c6be000 	C:\Windows\system32\KERNEL32.DLL
0x00007ffe9b2a0000 - 0x00007ffe9b3b5000 	C:\Windows\system32\KERNELBASE.dll
0x00007ffe9bad0000 - 0x00007ffe9bb7a000 	C:\Windows\system32\ADVAPI32.dll
0x00007ffe9bd20000 - 0x00007ffe9be97000 	C:\Windows\system32\USER32.dll
0x00007ffe98de0000 - 0x00007ffe9905b000 	C:\Windows\WinSxS\amd64_microsoft.windows.common-controls_6595b64144ccf1df_6.0.9600.18006_none_623f33d3ecbe86e8\COMCTL32.dll
0x00007ffe9bea0000 - 0x00007ffe9bf4a000 	C:\Windows\system32\msvcrt.dll
0x00007ffe9c520000 - 0x00007ffe9c579000 	C:\Windows\SYSTEM32\sechost.dll
0x00007ffe9df00000 - 0x00007ffe9e040000 	C:\Windows\system32\RPCRT4.dll
0x00007ffe9ddb0000 - 0x00007ffe9defb000 	C:\Windows\system32\GDI32.dll
0x00007ffe9b6a0000 - 0x00007ffe9b6ce000 	C:\Windows\system32\SspiCli.dll
0x00007ffe9bf60000 - 0x00007ffe9bf96000 	C:\Windows\system32\IMM32.DLL
0x00007ffe9c340000 - 0x00007ffe9c491000 	C:\Windows\system32\MSCTF.dll
0x000000006b9e0000 - 0x000000006bab2000 	C:\Program Files\Android\Android Studio1\jre\jre\bin\msvcr100.dll
0x000000006a580000 - 0x000000006adbe000 	C:\Program Files\Android\Android Studio1\jre\jre\bin\server\jvm.dll
0x00007ffe960c0000 - 0x00007ffe960c9000 	C:\Windows\SYSTEM32\WSOCK32.dll
0x00007ffe98c10000 - 0x00007ffe98c32000 	C:\Windows\SYSTEM32\WINMM.dll
0x00007ffe98c40000 - 0x00007ffe98c4a000 	C:\Windows\SYSTEM32\VERSION.dll
0x00007ffe9c120000 - 0x00007ffe9c127000 	C:\Windows\system32\PSAPI.DLL
0x00007ffe9c130000 - 0x00007ffe9c18a000 	C:\Windows\system32\WS2_32.dll
0x00007ffe98be0000 - 0x00007ffe98c0a000 	C:\Windows\SYSTEM32\WINMMBASE.dll
0x00007ffe9c510000 - 0x00007ffe9c519000 	C:\Windows\system32\NSI.dll
0x00007ffe9b650000 - 0x00007ffe9b69f000 	C:\Windows\SYSTEM32\cfgmgr32.dll
0x00007ffe99f90000 - 0x00007ffe99fb8000 	C:\Windows\SYSTEM32\DEVOBJ.dll
0x00007ffe916c0000 - 0x00007ffe916cf000 	C:\Program Files\Android\Android Studio1\jre\jre\bin\verify.dll
0x00007ffe89fc0000 - 0x00007ffe89fe9000 	C:\Program Files\Android\Android Studio1\jre\jre\bin\java.dll
0x00007ffe8b2b0000 - 0x00007ffe8b2c6000 	C:\Program Files\Android\Android Studio1\jre\jre\bin\zip.dll
0x00007ffe9c6c0000 - 0x00007ffe9dbe9000 	C:\Windows\system32\SHELL32.dll
0x00007ffe9b6d0000 - 0x00007ffe9b8e2000 	C:\Windows\SYSTEM32\combase.dll
0x00007ffe9dbf0000 - 0x00007ffe9dc44000 	C:\Windows\system32\SHLWAPI.dll
0x00007ffe99700000 - 0x00007ffe997b2000 	C:\Windows\SYSTEM32\SHCORE.dll
0x00007ffe9b170000 - 0x00007ffe9b185000 	C:\Windows\SYSTEM32\profapi.dll
0x00007ffe9a9c0000 - 0x00007ffe9a9e0000 	C:\Windows\SYSTEM32\CRYPTSP.dll
0x00007ffe9a5e0000 - 0x00007ffe9a616000 	C:\Windows\system32\rsaenh.dll
0x00007ffe9ac50000 - 0x00007ffe9ac76000 	C:\Windows\SYSTEM32\bcrypt.dll
0x00007ffe9a6f0000 - 0x00007ffe9a711000 	C:\Windows\SYSTEM32\USERENV.dll
0x00007ffe9afd0000 - 0x00007ffe9b033000 	C:\Windows\system32\bcryptprimitives.dll
0x00007ffe9b040000 - 0x00007ffe9b04b000 	C:\Windows\SYSTEM32\CRYPTBASE.dll
0x00007ffe89e60000 - 0x00007ffe89e7a000 	C:\Program Files\Android\Android Studio1\jre\jre\bin\net.dll
0x00007ffe9a960000 - 0x00007ffe9a9b9000 	C:\Windows\system32\mswsock.dll
0x00007ffe96090000 - 0x00007ffe960ba000 	C:\Windows\SYSTEM32\IPHLPAPI.DLL
0x00007ffe95ce0000 - 0x00007ffe95cea000 	C:\Windows\SYSTEM32\WINNSI.DLL
0x00007ffe953d0000 - 0x00007ffe953e6000 	C:\Windows\SYSTEM32\dhcpcsvc6.DLL
0x00007ffe957b0000 - 0x00007ffe957ca000 	C:\Windows\SYSTEM32\dhcpcsvc.DLL
0x00007ffe89e40000 - 0x00007ffe89e51000 	C:\Program Files\Android\Android Studio1\jre\jre\bin\nio.dll

VM Arguments:
jvm_args: -Djava.awt.headless=true -Xmx64M -Dfile.encoding=windows-1252 -Duser.country=US -Duser.language=en -Duser.variant 
java_command: com.google.devtools.build.android.desugar.Desugar @F:\File\SM 3\RPL\Project AyoPlant\AYoplant-newui\AyoPlant-master-451373ff69dc30de26582a21ff743846e98b396e\AllFeature\app\build\intermediates\tmp\desugar_args540267655466304620
java_class_path (initial): C:\Users\Fatkhun\AppData\Local\Temp\desugar_deploy.jar2993196094647384108
Launcher Type: SUN_STANDARD

Environment Variables:
CLASSPATH=C:\Program Files\Java\jdk1.8.0_121\lib\tools.jar;
PATH=C:\oraclexe\app\oracle\product\11.2.0\server\bin;;C:\app\Fatkhun\virtual\product\12.2.0\dbhome_1\bin;C:\ProgramData\Oracle\Java\javapath;C:\Windows\system32;C:\Windows;C:\Windows\System32\Wbem;C:\Windows\System32\WindowsPowerShell\v1.0\;C:\Program Files (x86)\Brackets\command;C:\Program Files\Java\jdk1.8.0_121\bin;c:\Program Files (x86)\Microsoft SQL Server\100\Tools\Binn\;c:\Program Files\Microsoft SQL Server\100\Tools\Binn\;c:\Program Files\Microsoft SQL Server\100\DTS\Binn\;C:\Program Files\Microsoft SQL Server\120\Tools\Binn\;C:\Program Files\gnuplot\bin;C:\Program Files (x86)\Windows Kits\8.1\Windows Performance Toolkit\;C:\Program Files\Microsoft SQL Server\110\Tools\Binn\;C:\Program Files\Git\cmd;C:\Program Files (x86)\Windows Live\Shared;C:\Program Files (x86)\ATI Technologies\ATI.ACE\Core-Static;C:\xampp\php;C:\composer;C:\Users\Fatkhun\AppData\Roaming\Composer\vendor\bin
USERNAME=Fatkhun
OS=Windows_NT
PROCESSOR_IDENTIFIER=AMD64 Family 22 Model 48 Stepping 1, AuthenticAMD



---------------  S Y S T E M  ---------------

OS: Windows 8.1 , 64 bit Build 9600 (6.3.9600.17415)

CPU:total 4 (initial active 4) (4 cores per cpu, 1 threads per core) family 22 model 48 stepping 1, cmov, cx8, fxsr, mmx, sse, sse2, sse3, ssse3, sse4.1, sse4.2, popcnt, avx, aes, clmul, mmxext, 3dnowpref, lzcnt, sse4a, tsc, tscinvbit, tscinv, bmi1

Memory: 4k page, physical 7300176k(779744k free), swap 10422352k(4760k free)

vm_info: OpenJDK 64-Bit Server VM (25.152-b01) for windows-amd64 JRE (1.8.0_152-release-915-b01), built by "builder" with MS VC++ 10.0 (VS2010)

time: Sun Jan 14 21:41:00 2018
elapsed time: 4 seconds (0d 0h 0m 4s)

